C:\Program Files (x86)\Microsoft Visual Studio\2019\Community\MSBuild\Microsoft\VC\v160\Microsoft.CppBuild.targets(513,5): warning MSB8028: промежуточный каталог (Debug\) содержит файлы, которые используются совместно с другим проектом (dem ex train2.vcxproj).  Это может привести к ошибкам очистки и перестроения.
  Main.cpp
C:\Users\ClarVik\source\repos\dem ex train2\dem ex train2\Globals.h(27,53): warning C4244: аргумент: преобразование "int" в "T", возможна потеря данных
          with
          [
              T=float
          ]
C:\Users\ClarVik\source\repos\dem ex train2\dem ex train2\Obstacle.h(35,28): warning C4244: аргумент: преобразование "int" в "T", возможна потеря данных
          with
          [
              T=float
          ]
C:\Users\ClarVik\source\repos\dem ex train2\dem ex train2\Obstacle.h(54,24): warning C4244: аргумент: преобразование "double" в "float", возможна потеря данных
C:\Users\ClarVik\source\repos\dem ex train2\dem ex train2\Obstacle.h(54,21): warning C4244: аргумент: преобразование "double" в "float", возможна потеря данных
C:\Users\ClarVik\source\repos\dem ex train2\dem ex train2\Spike.h(23,24): warning C4244: аргумент: преобразование "double" в "float", возможна потеря данных
C:\Users\ClarVik\source\repos\dem ex train2\dem ex train2\Spike.h(23,21): warning C4244: аргумент: преобразование "double" в "float", возможна потеря данных
C:\Users\ClarVik\source\repos\dem ex train2\dem ex train2\Coin.h(22,24): warning C4244: аргумент: преобразование "double" в "float", возможна потеря данных
C:\Users\ClarVik\source\repos\dem ex train2\dem ex train2\Coin.h(22,21): warning C4244: аргумент: преобразование "double" в "float", возможна потеря данных
C:\Users\ClarVik\source\repos\dem ex train2\dem ex train2\Node.h(42,20): warning C4244: =: преобразование "double" в "float", возможна потеря данных
C:\Users\ClarVik\source\repos\dem ex train2\dem ex train2\Node.h(44,21): warning C4018: <: несоответствие типов со знаком и без знака
C:\Users\ClarVik\source\repos\dem ex train2\dem ex train2\Node.h(60,22): warning C4018: <: несоответствие типов со знаком и без знака
C:\Users\ClarVik\source\repos\dem ex train2\dem ex train2\Node.h(68,22): warning C4018: <: несоответствие типов со знаком и без знака
C:\Users\ClarVik\source\repos\dem ex train2\dem ex train2\Brain.h(65,21): warning C4018: <: несоответствие типов со знаком и без знака
C:\Users\ClarVik\source\repos\dem ex train2\dem ex train2\Brain.h(75,21): warning C4018: <: несоответствие типов со знаком и без знака
C:\Users\ClarVik\source\repos\dem ex train2\dem ex train2\Brain.h(81,21): warning C4018: <: несоответствие типов со знаком и без знака
C:\Users\ClarVik\source\repos\dem ex train2\dem ex train2\Brain.h(95,21): warning C4018: <: несоответствие типов со знаком и без знака
C:\Users\ClarVik\source\repos\dem ex train2\dem ex train2\Brain.h(103,21): warning C4018: <: несоответствие типов со знаком и без знака
C:\Users\ClarVik\source\repos\dem ex train2\dem ex train2\Brain.h(111,20): warning C4018: <: несоответствие типов со знаком и без знака
C:\Users\ClarVik\source\repos\dem ex train2\dem ex train2\Brain.h(113,58): warning C4244: аргумент: преобразование "int" в "float", возможна потеря данных
C:\Users\ClarVik\source\repos\dem ex train2\dem ex train2\Brain.h(113,35): warning C4244: аргумент: преобразование "int" в "float", возможна потеря данных
C:\Users\ClarVik\source\repos\dem ex train2\dem ex train2\Brain.h(117,21): warning C4018: <: несоответствие типов со знаком и без знака
C:\Users\ClarVik\source\repos\dem ex train2\dem ex train2\Brain.h(130,22): warning C4018: <: несоответствие типов со знаком и без знака
C:\Users\ClarVik\source\repos\dem ex train2\dem ex train2\Brain.h(171,22): warning C4018: <: несоответствие типов со знаком и без знака
C:\Users\ClarVik\source\repos\dem ex train2\dem ex train2\Brain.h(207,105): warning C4244: аргумент: преобразование "double" в "float", возможна потеря данных
C:\Users\ClarVik\source\repos\dem ex train2\dem ex train2\Brain.h(213,21): warning C4018: <: несоответствие типов со знаком и без знака
C:\Users\ClarVik\source\repos\dem ex train2\dem ex train2\Brain.h(233,21): warning C4018: <: несоответствие типов со знаком и без знака
C:\Users\ClarVik\source\repos\dem ex train2\dem ex train2\Brain.h(246,22): warning C4018: <: несоответствие типов со знаком и без знака
C:\Users\ClarVik\source\repos\dem ex train2\dem ex train2\Brain.h(261,21): warning C4018: <: несоответствие типов со знаком и без знака
C:\Users\ClarVik\source\repos\dem ex train2\dem ex train2\Brain.h(281,13): warning C4244: инициализация: преобразование "double" в "float", возможна потеря данных
C:\Users\ClarVik\source\repos\dem ex train2\dem ex train2\Brain.h(283,22): warning C4018: <: несоответствие типов со знаком и без знака
C:\Users\ClarVik\source\repos\dem ex train2\dem ex train2\Brain.h(286,24): warning C4244: =: преобразование "double" в "float", возможна потеря данных
C:\Users\ClarVik\source\repos\dem ex train2\dem ex train2\Brain.h(290,24): warning C4244: =: преобразование "double" в "float", возможна потеря данных
C:\Users\ClarVik\source\repos\dem ex train2\dem ex train2\Brain.h(310,21): warning C4018: <: несоответствие типов со знаком и без знака
C:\Users\ClarVik\source\repos\dem ex train2\dem ex train2\Brain.h(338,21): warning C4018: <: несоответствие типов со знаком и без знака
C:\Users\ClarVik\source\repos\dem ex train2\dem ex train2\Brain.h(341,21): warning C4018: <: несоответствие типов со знаком и без знака
C:\Users\ClarVik\source\repos\dem ex train2\dem ex train2\Brain.h(354,21): warning C4018: <: несоответствие типов со знаком и без знака
C:\Users\ClarVik\source\repos\dem ex train2\dem ex train2\Brain.h(367,21): warning C4018: <: несоответствие типов со знаком и без знака
C:\Users\ClarVik\source\repos\dem ex train2\dem ex train2\Brain.h(372,21): warning C4018: <: несоответствие типов со знаком и без знака
C:\Users\ClarVik\source\repos\dem ex train2\dem ex train2\PLayer.h(43,18): warning C4244: =: преобразование "double" в "float", возможна потеря данных
C:\Users\ClarVik\source\repos\dem ex train2\dem ex train2\PLayer.h(57,21): warning C4018: <: несоответствие типов со знаком и без знака
C:\Users\ClarVik\source\repos\dem ex train2\dem ex train2\PLayer.h(61,14): warning C4244: =: преобразование "double" в "float", возможна потеря данных
C:\Users\ClarVik\source\repos\dem ex train2\dem ex train2\PLayer.h(74,21): warning C4018: <: несоответствие типов со знаком и без знака
C:\Users\ClarVik\source\repos\dem ex train2\dem ex train2\PLayer.h(78,18): warning C4244: =: преобразование "double" в "float", возможна потеря данных
C:\Users\ClarVik\source\repos\dem ex train2\dem ex train2\PLayer.h(89,16): warning C4244: =: преобразование "double" в "_Ty", возможна потеря данных
          with
          [
              _Ty=float
          ]
C:\Users\ClarVik\source\repos\dem ex train2\dem ex train2\PLayer.h(91,17): warning C4244: =: преобразование "double" в "_Ty", возможна потеря данных
          with
          [
              _Ty=float
          ]
C:\Users\ClarVik\source\repos\dem ex train2\dem ex train2\PLayer.h(93,24): warning C4244: =: преобразование "double" в "_Ty", возможна потеря данных
          with
          [
              _Ty=float
          ]
C:\Users\ClarVik\source\repos\dem ex train2\dem ex train2\PLayer.h(125,23): warning C4244: аргумент: преобразование "double" в "float", возможна потеря данных
C:\Users\ClarVik\source\repos\dem ex train2\dem ex train2\PLayer.h(125,21): warning C4244: аргумент: преобразование "double" в "float", возможна потеря данных
C:\Users\ClarVik\source\repos\dem ex train2\dem ex train2\PLayer.h(140,21): warning C4018: <: несоответствие типов со знаком и без знака
C:\Users\ClarVik\source\repos\dem ex train2\dem ex train2\Button.h(45,62): warning C4244: аргумент: преобразование "double" в "float", возможна потеря данных
C:\Users\ClarVik\source\repos\dem ex train2\dem ex train2\Button.h(45,34): warning C4244: аргумент: преобразование "double" в "float", возможна потеря данных
C:\Users\ClarVik\source\repos\dem ex train2\dem ex train2\Species.h(43,40): warning C4244: =: преобразование "int" в "float", возможна потеря данных
C:\Users\ClarVik\source\repos\dem ex train2\dem ex train2\Species.h(60,21): warning C4018: <: несоответствие типов со знаком и без знака
C:\Users\ClarVik\source\repos\dem ex train2\dem ex train2\Species.h(62,22): warning C4018: <: несоответствие типов со знаком и без знака
C:\Users\ClarVik\source\repos\dem ex train2\dem ex train2\Species.h(79,21): warning C4018: <: несоответствие типов со знаком и без знака
C:\Users\ClarVik\source\repos\dem ex train2\dem ex train2\Species.h(81,22): warning C4018: <: несоответствие типов со знаком и без знака
C:\Users\ClarVik\source\repos\dem ex train2\dem ex train2\Species.h(100,21): warning C4018: <: несоответствие типов со знаком и без знака
C:\Users\ClarVik\source\repos\dem ex train2\dem ex train2\Species.h(103,22): warning C4018: <: несоответствие типов со знаком и без знака
C:\Users\ClarVik\source\repos\dem ex train2\dem ex train2\Species.h(137,21): warning C4018: <: несоответствие типов со знаком и без знака
C:\Users\ClarVik\source\repos\dem ex train2\dem ex train2\Species.h(166,21): warning C4018: <: несоответствие типов со знаком и без знака
C:\Users\ClarVik\source\repos\dem ex train2\dem ex train2\Species.h(171,45): warning C4244: =: преобразование "double" в "float", возможна потеря данных
C:\Users\ClarVik\source\repos\dem ex train2\dem ex train2\Species.h(176,21): warning C4018: <: несоответствие типов со знаком и без знака
C:\Users\ClarVik\source\repos\dem ex train2\dem ex train2\Species.h(190,39): warning C4018: <: несоответствие типов со знаком и без знака
C:\Users\ClarVik\source\repos\dem ex train2\dem ex train2\Species.h(200,21): warning C4018: <: несоответствие типов со знаком и без знака
C:\Users\ClarVik\source\repos\dem ex train2\dem ex train2\Population.h(47,21): warning C4018: <: несоответствие типов со знаком и без знака
C:\Users\ClarVik\source\repos\dem ex train2\dem ex train2\Population.h(61,21): warning C4018: <: несоответствие типов со знаком и без знака
C:\Users\ClarVik\source\repos\dem ex train2\dem ex train2\Population.h(76,24): warning C4244: =: преобразование "double" в "int", возможна потеря данных
C:\Users\ClarVik\source\repos\dem ex train2\dem ex train2\Population.h(84,21): warning C4018: <: несоответствие типов со знаком и без знака
C:\Users\ClarVik\source\repos\dem ex train2\dem ex train2\Population.h(111,21): warning C4018: <: несоответствие типов со знаком и без знака
C:\Users\ClarVik\source\repos\dem ex train2\dem ex train2\Population.h(115,22): warning C4244: инициализация: преобразование "float" в "int", возможна потеря данных
C:\Users\ClarVik\source\repos\dem ex train2\dem ex train2\Population.h(125,21): warning C4018: <: несоответствие типов со знаком и без знака
C:\Users\ClarVik\source\repos\dem ex train2\dem ex train2\Population.h(134,21): warning C4018: <: несоответствие типов со знаком и без знака
C:\Users\ClarVik\source\repos\dem ex train2\dem ex train2\Population.h(140,21): warning C4018: <: несоответствие типов со знаком и без знака
C:\Users\ClarVik\source\repos\dem ex train2\dem ex train2\Population.h(143,22): warning C4018: <: несоответствие типов со знаком и без знака
C:\Users\ClarVik\source\repos\dem ex train2\dem ex train2\Population.h(159,21): warning C4018: <: несоответствие типов со знаком и без знака
C:\Users\ClarVik\source\repos\dem ex train2\dem ex train2\Population.h(167,21): warning C4018: <: несоответствие типов со знаком и без знака
C:\Users\ClarVik\source\repos\dem ex train2\dem ex train2\Population.h(171,21): warning C4018: <: несоответствие типов со знаком и без знака
C:\Users\ClarVik\source\repos\dem ex train2\dem ex train2\Population.h(173,22): warning C4018: <: несоответствие типов со знаком и без знака
C:\Users\ClarVik\source\repos\dem ex train2\dem ex train2\Population.h(187,21): warning C4018: <: несоответствие типов со знаком и без знака
C:\Users\ClarVik\source\repos\dem ex train2\dem ex train2\Population.h(198,21): warning C4018: <: несоответствие типов со знаком и без знака
C:\Users\ClarVik\source\repos\dem ex train2\dem ex train2\Population.h(211,21): warning C4018: <: несоответствие типов со знаком и без знака
C:\Users\ClarVik\source\repos\dem ex train2\dem ex train2\Population.h(218,21): warning C4018: <: несоответствие типов со знаком и без знака
C:\Users\ClarVik\source\repos\dem ex train2\dem ex train2\Population.h(230,21): warning C4018: <: несоответствие типов со знаком и без знака
C:\Users\ClarVik\source\repos\dem ex train2\dem ex train2\Main.cpp(40,12): warning C4244: аргумент: преобразование "time_t" в "unsigned int", возможна потеря данных
C:\Users\ClarVik\source\repos\dem ex train2\dem ex train2\Main.cpp(84,47): warning C4244: =: преобразование "sf::Int64" в "double", возможна потеря данных
C:\Users\ClarVik\source\repos\dem ex train2\dem ex train2\Main.cpp(111,22): warning C4018: <: несоответствие типов со знаком и без знака
C:\Users\ClarVik\source\repos\dem ex train2\dem ex train2\Main.cpp(117,21): warning C4018: <: несоответствие типов со знаком и без знака
C:\Users\ClarVik\source\repos\dem ex train2\dem ex train2\Connection.h(45,39): warning C4244: =: преобразование "double" в "float", возможна потеря данных
C:\Users\ClarVik\source\repos\dem ex train2\dem ex train2\Connection.h(42): message : во время компиляции функции-члена класс шаблон "void Connection<Node>::mutateWeight(void)"
C:\Users\ClarVik\source\repos\dem ex train2\dem ex train2\Brain.h(284): message : выполняется компиляция ссылки на экземпляр шаблон функции "void Connection<Node>::mutateWeight(void)"
C:\Users\ClarVik\source\repos\dem ex train2\dem ex train2\Node.h(46): message : выполняется компиляция ссылки на экземпляр класс шаблон функции "Connection<Node>"
C:\Users\ClarVik\source\repos\dem ex train2\dem ex train2\Connection.h(52,1): warning C4244: +=: преобразование "double" в "float", возможна потеря данных
C:\Users\ClarVik\source\repos\dem ex train2\dem ex train2\ConnectionHistory.h(37,23): warning C4018: <: несоответствие типов со знаком и без знака
C:\Users\ClarVik\source\repos\dem ex train2\dem ex train2\Brain.h(235): message : выполняется компиляция ссылки на экземпляр шаблон функции "bool ConnectionHistory::match<Brain*,Node>(Brain,Node,Node)"
          with
          [
              Brain=Brain *,
              Node=Node
          ]
  dem ex train2.vcxproj -> C:\Users\ClarVik\source\repos\dem ex train2\Debug\dinoAi.exe
